{
  "RSpec": {
    "coverage": {
      "C:/STUDIA/5sem/REPOZYTORIA/MinesweeperTests/Minesweeper/lib/cell.rb": [
        null,
        null,
        null,
        1,
        1,
        1,
        411,
        411,
        411,
        null,
        null,
        1,
        18,
        18,
        null,
        null,
        1,
        2,
        null,
        null,
        1,
        2,
        null,
        null,
        1,
        102,
        null,
        null
      ],
      "C:/STUDIA/5sem/REPOZYTORIA/MinesweeperTests/Minesweeper/lib/minefield.rb": [
        null,
        null,
        1,
        null,
        null,
        1,
        1,
        null,
        1,
        6,
        6,
        6,
        6,
        6,
        null,
        null,
        null,
        null,
        null,
        null,
        null,
        null,
        null,
        null,
        null,
        1,
        4,
        40,
        400,
        null,
        null,
        null,
        null,
        null,
        null,
        1,
        1,
        1,
        1,
        17,
        17,
        17,
        null,
        17,
        15,
        15,
        null,
        null,
        null,
        null,
        null,
        1,
        1,
        10,
        100,
        100,
        null,
        null,
        null,
        null,
        null,
        null,
        null,
        null,
        null,
        null,
        null,
        null,
        null,
        null,
        null,
        null,
        null,
        null,
        null,
        null,
        null,
        null,
        null,
        null,
        null,
        null,
        null,
        null,
        null,
        null,
        null,
        null,
        null,
        null,
        null,
        null,
        null,
        null,
        null,
        null,
        null,
        null,
        null,
        null,
        null,
        null,
        null,
        null,
        null,
        null,
        null,
        null,
        null,
        null,
        null,
        null,
        null,
        null,
        null,
        null,
        null,
        null,
        null,
        null,
        null,
        null,
        null,
        null,
        null,
        null,
        null,
        null,
        null,
        null,
        null,
        null,
        null,
        null,
        null,
        null,
        null,
        null,
        null,
        null,
        null,
        null,
        null,
        null,
        null,
        null,
        null,
        null,
        null,
        null,
        null,
        1,
        1,
        1,
        null,
        null,
        null,
        1,
        1,
        1,
        null,
        null,
        null,
        null,
        null,
        null,
        null,
        null,
        null,
        null,
        null,
        null,
        null,
        null,
        null,
        null,
        null,
        null,
        null,
        null,
        null,
        null,
        null,
        null,
        null
      ]
    },
    "timestamp": 1577990332
  }
}
